<?xml version="1.0" encoding="UTF-8"?>
<testng-results ignored="0" total="1" passed="1" failed="0" skipped="0">
  <reporter-output>
  </reporter-output>
  <suite started-at="2026-03-22T19:00:47 IST" name="Default suite" finished-at="2026-03-22T19:00:47 IST" duration-ms="50">
    <groups>
    </groups>
    <test started-at="2026-03-22T19:00:47 IST" name="Default test" finished-at="2026-03-22T19:00:47 IST" duration-ms="50">
      <class name="Java_Streams.Strams_Practice">
        <test-method signature="streamFilter()[pri:0, instance:Java_Streams.Strams_Practice@6302bbb1]" started-at="2026-03-22T19:00:47 IST" name="streamFilter" finished-at="2026-03-22T19:00:47 IST" duration-ms="12" status="PASS">
          <reporter-output>
          </reporter-output>
        </test-method> <!-- streamFilter -->
      </class> <!-- Java_Streams.Strams_Practice -->
    </test> <!-- Default test -->
  </suite> <!-- Default suite -->
</testng-results>
